{
  "stats": {
    "suites": 1,
    "tests": 2,
    "passes": 0,
    "pending": 0,
    "failures": 2,
    "start": "2022-05-16T11:38:27.751Z",
    "end": "2022-05-16T11:38:49.891Z",
    "duration": 22140,
    "testsRegistered": 2,
    "passPercent": 0,
    "pendingPercent": 0,
    "other": 0,
    "hasOther": false,
    "skipped": 0,
    "hasSkipped": false
  },
  "results": [
    {
      "uuid": "42693649-194a-43ce-b085-d0ea66d14d00",
      "title": "",
      "fullFile": "cypress/integration/2-advanced-examples/FrameworkBDD/eCommerce.feature",
      "file": "cypress/integration/2-advanced-examples/FrameworkBDD/eCommerce.feature",
      "beforeHooks": [],
      "afterHooks": [],
      "tests": [],
      "suites": [
        {
          "uuid": "9d3e21d6-6dd4-4d7a-8e50-7677d848b736",
          "title": "End to End eCommerce Validation",
          "fullFile": "",
          "file": "",
          "beforeHooks": [],
          "afterHooks": [],
          "tests": [
            {
              "title": "E-Commerce Productrs delivery",
              "fullTitle": "End to End eCommerce Validation E-Commerce Productrs delivery",
              "timedOut": null,
              "duration": 18917,
              "state": "failed",
              "speed": null,
              "pass": false,
              "fail": true,
              "pending": false,
              "context": null,
              "code": "const state = window.testState;\nreturn cy\n  .then(() => state.onStartScenario(scenario, indexedSteps))\n  .then(() =>\n    resolveAndRunBeforeHooks.call(this, scenario.tags, state.feature.name)\n  )\n  .then(() =>\n    indexedSteps.forEach((step) =>\n      stepTest.call(this, state, step, rowData)\n    )\n  )\n  .then(() => state.onFinishScenario(scenario));",
              "err": {
                "message": "CypressError: Timed out retrying after 10050ms: `cy.click()` failed because this element:\n\n`<label for=\"checkbox2\">...</label>`\n\nis being covered by another element:\n\n`<a>India</a>`\n\nFix this problem, or use {force: true} to disable error checking.\n\nhttps://on.cypress.io/element-cannot-be-interacted-with",
                "estack": "CypressError: Timed out retrying after 10050ms: `cy.click()` failed because this element:\n\n`<label for=\"checkbox2\">...</label>`\n\nis being covered by another element:\n\n`<a>India</a>`\n\nFix this problem, or use {force: true} to disable error checking.\n\nhttps://on.cypress.io/element-cannot-be-interacted-with\n    at $Cy.ensureDescendents (https://rahulshettyacademy.com/__cypress/runner/cypress_runner.js:164061:78)\n    at ensureDescendents (https://rahulshettyacademy.com/__cypress/runner/cypress_runner.js:150268:8)\n    at ensureDescendentsAndScroll (https://rahulshettyacademy.com/__cypress/runner/cypress_runner.js:150275:14)\n    at ensureElIsNotCovered (https://rahulshettyacademy.com/__cypress/runner/cypress_runner.js:150407:5)\n    at runAllChecks (https://rahulshettyacademy.com/__cypress/runner/cypress_runner.js:150597:52)\n    at retryActionability (https://rahulshettyacademy.com/__cypress/runner/cypress_runner.js:150621:16)\n    at tryCatcher (https://rahulshettyacademy.com/__cypress/runner/cypress_runner.js:13022:23)\n    at Function.Promise.attempt.Promise.try (https://rahulshettyacademy.com/__cypress/runner/cypress_runner.js:10296:29)\n    at whenStable (https://rahulshettyacademy.com/__cypress/runner/cypress_runner.js:168785:63)\n    at https://rahulshettyacademy.com/__cypress/runner/cypress_runner.js:168282:14\n    at tryCatcher (https://rahulshettyacademy.com/__cypress/runner/cypress_runner.js:13022:23)\n    at Promise._settlePromiseFromHandler (https://rahulshettyacademy.com/__cypress/runner/cypress_runner.js:10957:31)\n    at Promise._settlePromise (https://rahulshettyacademy.com/__cypress/runner/cypress_runner.js:11014:18)\n    at Promise._settlePromise0 (https://rahulshettyacademy.com/__cypress/runner/cypress_runner.js:11059:10)\n    at Promise._settlePromises (https://rahulshettyacademy.com/__cypress/runner/cypress_runner.js:11139:18)\n    at Promise._fulfill (https://rahulshettyacademy.com/__cypress/runner/cypress_runner.js:11083:18)\nFrom Your Spec Code:\n    at Context.eval (https://rahulshettyacademy.com/__cypress/tests?p=cypress\\integration\\2-advanced-examples\\FrameworkBDD\\eCommerce.feature:91:36)\n    at Context.resolveAndRunStepDefinition (https://rahulshettyacademy.com/__cypress/tests?p=cypress\\integration\\2-advanced-examples\\FrameworkBDD\\eCommerce.feature:12517:29)\n    at Context.eval (https://rahulshettyacademy.com/__cypress/tests?p=cypress\\integration\\2-advanced-examples\\FrameworkBDD\\eCommerce.feature:11838:35)",
                "diff": null
              },
              "uuid": "7424eb77-2460-4728-8629-81260947b892",
              "parentUUID": "9d3e21d6-6dd4-4d7a-8e50-7677d848b736",
              "isHook": false,
              "skipped": false
            },
            {
              "title": "Filling the form to shop",
              "fullTitle": "End to End eCommerce Validation Filling the form to shop",
              "timedOut": null,
              "duration": 821,
              "state": "failed",
              "speed": null,
              "pass": false,
              "fail": true,
              "pending": false,
              "context": null,
              "code": "const state = window.testState;\nreturn cy\n  .then(() => state.onStartScenario(scenario, indexedSteps))\n  .then(() =>\n    resolveAndRunBeforeHooks.call(this, scenario.tags, state.feature.name)\n  )\n  .then(() =>\n    indexedSteps.forEach((step) =>\n      stepTest.call(this, state, step, rowData)\n    )\n  )\n  .then(() => state.onFinishScenario(scenario));",
              "err": {
                "message": "TypeError: Cannot read properties of undefined (reading '1')",
                "estack": "TypeError: Cannot read properties of undefined (reading '1')\n    at Context.eval (https://rahulshettyacademy.com/__cypress/tests?p=cypress\\integration\\2-advanced-examples\\FrameworkBDD\\eCommerce.feature:100:28)\n    at Context.resolveAndRunStepDefinition (https://rahulshettyacademy.com/__cypress/tests?p=cypress\\integration\\2-advanced-examples\\FrameworkBDD\\eCommerce.feature:12517:29)\n    at Context.eval (https://rahulshettyacademy.com/__cypress/tests?p=cypress\\integration\\2-advanced-examples\\FrameworkBDD\\eCommerce.feature:11838:35)",
                "diff": null
              },
              "uuid": "90289c1d-dd29-4f2a-abaa-fa9242b9072e",
              "parentUUID": "9d3e21d6-6dd4-4d7a-8e50-7677d848b736",
              "isHook": false,
              "skipped": false
            }
          ],
          "suites": [],
          "passes": [],
          "failures": [
            "7424eb77-2460-4728-8629-81260947b892",
            "90289c1d-dd29-4f2a-abaa-fa9242b9072e"
          ],
          "pending": [],
          "skipped": [],
          "duration": 19738,
          "root": false,
          "rootEmpty": false,
          "_timeout": 2000
        }
      ],
      "passes": [],
      "failures": [],
      "pending": [],
      "skipped": [],
      "duration": 0,
      "root": true,
      "rootEmpty": true,
      "_timeout": 2000
    }
  ],
  "meta": {
    "mocha": {
      "version": "7.0.1"
    },
    "mochawesome": {
      "options": {
        "quiet": false,
        "reportFilename": "mochawesome",
        "saveHtml": true,
        "saveJson": true,
        "consoleReporter": "spec",
        "useInlineDiffs": false,
        "code": true
      },
      "version": "7.1.3"
    },
    "marge": {
      "options": null,
      "version": "6.2.0"
    }
  }
}